{
  "RSpec": {
    "coverage": {
      "/Users/dev/Downloads/Training Tasks/Dinner Dash/DinnerDashTestProject/testproject-dinnerdash2/spec/models/category_item_spec.rb": {
        "lines": [
          1,
          null,
          1,
          1,
          2,
          2,
          null,
          null
        ]
      },
      "/Users/dev/Downloads/Training Tasks/Dinner Dash/DinnerDashTestProject/testproject-dinnerdash2/spec/rails_helper.rb": {
        "lines": [
          null,
          null,
          1,
          1,
          1,
          null,
          1,
          1,
          2,
          null,
          1,
          null,
          0,
          0,
          null,
          1,
          1,
          1,
          1,
          1,
          1,
          1,
          null,
          1,
          1,
          1,
          1,
          null,
          null
        ]
      },
      "/Users/dev/Downloads/Training Tasks/Dinner Dash/DinnerDashTestProject/testproject-dinnerdash2/config/environment.rb": {
        "lines": [
          null,
          null,
          null,
          1,
          null,
          null,
          1
        ]
      },
      "/Users/dev/Downloads/Training Tasks/Dinner Dash/DinnerDashTestProject/testproject-dinnerdash2/config/application.rb": {
        "lines": [
          null,
          null,
          1,
          null,
          1,
          null,
          null,
          null,
          1,
          null,
          1,
          null,
          1,
          null,
          1,
          null,
          null,
          null,
          null,
          null,
          null
        ]
      },
      "/Users/dev/Downloads/Training Tasks/Dinner Dash/DinnerDashTestProject/testproject-dinnerdash2/config/boot.rb": {
        "lines": [
          null,
          null,
          1,
          null,
          1,
          1
        ]
      },
      "/Users/dev/Downloads/Training Tasks/Dinner Dash/DinnerDashTestProject/testproject-dinnerdash2/config/environments/test.rb": {
        "lines": [
          null,
          null,
          1,
          null,
          null,
          null,
          null,
          null,
          null,
          1,
          null,
          null,
          null,
          null,
          1,
          null,
          null,
          1,
          1,
          null,
          null,
          null,
          null,
          1,
          1,
          null,
          null,
          1,
          null,
          null,
          1,
          null,
          null,
          1,
          null,
          1,
          null,
          null,
          null,
          null,
          1,
          null,
          null,
          1,
          null,
          null,
          null,
          null
        ]
      },
      "/Users/dev/Downloads/Training Tasks/Dinner Dash/DinnerDashTestProject/testproject-dinnerdash2/config/initializers/application_controller_renderer.rb": {
        "lines": [
          null,
          null,
          null,
          null,
          null,
          null,
          null,
          null,
          null
        ]
      },
      "/Users/dev/Downloads/Training Tasks/Dinner Dash/DinnerDashTestProject/testproject-dinnerdash2/config/initializers/assets.rb": {
        "lines": [
          null,
          null,
          null,
          null,
          null,
          1,
          null,
          null,
          null,
          null,
          1,
          null,
          null,
          null,
          null,
          null
        ]
      },
      "/Users/dev/Downloads/Training Tasks/Dinner Dash/DinnerDashTestProject/testproject-dinnerdash2/config/initializers/backtrace_silencers.rb": {
        "lines": [
          null,
          null,
          null,
          null,
          null,
          null,
          null,
          null
        ]
      },
      "/Users/dev/Downloads/Training Tasks/Dinner Dash/DinnerDashTestProject/testproject-dinnerdash2/config/initializers/cloudinary.rb": {
        "lines": [
          null,
          null,
          1,
          1,
          1,
          1,
          1,
          1,
          null
        ]
      },
      "/Users/dev/Downloads/Training Tasks/Dinner Dash/DinnerDashTestProject/testproject-dinnerdash2/config/initializers/content_security_policy.rb": {
        "lines": [
          null,
          null,
          null,
          null,
          null,
          null,
          null,
          null,
          null,
          null,
          null,
          null,
          null,
          null,
          null,
          null,
          null,
          null,
          null,
          null,
          null,
          null,
          null,
          null,
          null,
          null
        ]
      },
      "/Users/dev/Downloads/Training Tasks/Dinner Dash/DinnerDashTestProject/testproject-dinnerdash2/config/initializers/cookies_serializer.rb": {
        "lines": [
          null,
          null,
          null,
          null,
          null,
          null,
          1
        ]
      },
      "/Users/dev/Downloads/Training Tasks/Dinner Dash/DinnerDashTestProject/testproject-dinnerdash2/config/initializers/devise.rb": {
        "lines": [
          null,
          null,
          null,
          null,
          null,
          null,
          null,
          null,
          null,
          null,
          1,
          null,
          null,
          null,
          null,
          null,
          null,
          null,
          null,
          null,
          null,
          null,
          null,
          null,
          null,
          null,
          null,
          1,
          null,
          null,
          null,
          null,
          null,
          null,
          null,
          null,
          null,
          null,
          null,
          1,
          null,
          null,
          null,
          null,
          null,
          null,
          null,
          null,
          null,
          null,
          null,
          null,
          null,
          null,
          null,
          null,
          null,
          null,
          null,
          null,
          null,
          1,
          null,
          null,
          null,
          null,
          1,
          null,
          null,
          null,
          null,
          null,
          null,
          null,
          null,
          null,
          null,
          null,
          null,
          null,
          null,
          null,
          null,
          null,
          null,
          null,
          null,
          null,
          null,
          null,
          null,
          null,
          null,
          null,
          null,
          null,
          null,
          null,
          null,
          null,
          1,
          null,
          null,
          null,
          null,
          null,
          null,
          null,
          null,
          null,
          null,
          null,
          null,
          null,
          null,
          null,
          null,
          null,
          null,
          null,
          null,
          null,
          null,
          null,
          null,
          null,
          1,
          null,
          null,
          null,
          null,
          null,
          null,
          null,
          null,
          null,
          null,
          null,
          null,
          null,
          null,
          null,
          null,
          null,
          null,
          null,
          null,
          null,
          null,
          null,
          null,
          null,
          null,
          null,
          null,
          null,
          null,
          null,
          null,
          null,
          null,
          1,
          null,
          null,
          null,
          null,
          null,
          null,
          null,
          null,
          null,
          1,
          null,
          null,
          null,
          null,
          null,
          null,
          null,
          null,
          null,
          null,
          1,
          null,
          null,
          null,
          null,
          1,
          null,
          null,
          null,
          null,
          null,
          null,
          null,
          null,
          null,
          null,
          null,
          null,
          null,
          null,
          null,
          null,
          null,
          null,
          null,
          null,
          null,
          null,
          null,
          null,
          null,
          null,
          null,
          null,
          null,
          null,
          null,
          null,
          null,
          null,
          null,
          null,
          null,
          null,
          null,
          null,
          1,
          null,
          null,
          null,
          null,
          null,
          null,
          null,
          null,
          null,
          null,
          null,
          null,
          null,
          null,
          null,
          null,
          null,
          null,
          null,
          null,
          null,
          null,
          null,
          null,
          null,
          null,
          null,
          null,
          null,
          null,
          null,
          null,
          null,
          null,
          null,
          null,
          null,
          null,
          null,
          null,
          null,
          1,
          null,
          null,
          null,
          null,
          null,
          null,
          null,
          null,
          null,
          null,
          null,
          null,
          null,
          null,
          null,
          null,
          null,
          null,
          null,
          null,
          null,
          null,
          null,
          null,
          null,
          null,
          null,
          null,
          null,
          null,
          null,
          null,
          null,
          null,
          null,
          null,
          null,
          null,
          null,
          null,
          null,
          null
        ]
      },
      "/Users/dev/Downloads/Training Tasks/Dinner Dash/DinnerDashTestProject/testproject-dinnerdash2/config/initializers/filter_parameter_logging.rb": {
        "lines": [
          null,
          null,
          null,
          null,
          null,
          1
        ]
      },
      "/Users/dev/Downloads/Training Tasks/Dinner Dash/DinnerDashTestProject/testproject-dinnerdash2/config/initializers/inflections.rb": {
        "lines": [
          null,
          null,
          null,
          null,
          null,
          null,
          null,
          null,
          null,
          null,
          null,
          null,
          null,
          null,
          null,
          null,
          null
        ]
      },
      "/Users/dev/Downloads/Training Tasks/Dinner Dash/DinnerDashTestProject/testproject-dinnerdash2/config/initializers/mime_types.rb": {
        "lines": [
          null,
          null,
          null,
          null,
          null
        ]
      },
      "/Users/dev/Downloads/Training Tasks/Dinner Dash/DinnerDashTestProject/testproject-dinnerdash2/config/initializers/wrap_parameters.rb": {
        "lines": [
          null,
          null,
          null,
          null,
          null,
          null,
          null,
          null,
          1,
          2,
          null,
          null,
          null,
          null,
          null,
          null
        ]
      },
      "/Users/dev/Downloads/Training Tasks/Dinner Dash/DinnerDashTestProject/testproject-dinnerdash2/spec/factories/categories.rb": {
        "lines": [
          null,
          null,
          1,
          1,
          1,
          205,
          null,
          null
        ]
      },
      "/Users/dev/Downloads/Training Tasks/Dinner Dash/DinnerDashTestProject/testproject-dinnerdash2/spec/factories/inline_items.rb": {
        "lines": [
          null,
          null,
          1,
          1,
          1,
          38,
          38,
          30,
          1,
          2,
          null,
          null,
          1,
          null,
          null,
          null
        ]
      },
      "/Users/dev/Downloads/Training Tasks/Dinner Dash/DinnerDashTestProject/testproject-dinnerdash2/spec/factories/items.rb": {
        "lines": [
          null,
          null,
          1,
          1,
          1,
          69,
          69,
          69,
          1,
          null,
          68,
          null,
          null,
          null,
          null,
          null,
          null,
          null,
          null,
          1,
          2,
          null,
          null,
          1,
          null,
          null
        ]
      },
      "/Users/dev/Downloads/Training Tasks/Dinner Dash/DinnerDashTestProject/testproject-dinnerdash2/spec/factories/orders.rb": {
        "lines": [
          null,
          null,
          1,
          1,
          1,
          4,
          4,
          null,
          null,
          null,
          1,
          null,
          3,
          null,
          null,
          null,
          null,
          null,
          1,
          2,
          null,
          null,
          1,
          null,
          null
        ]
      },
      "/Users/dev/Downloads/Training Tasks/Dinner Dash/DinnerDashTestProject/testproject-dinnerdash2/spec/factories/users.rb": {
        "lines": [
          null,
          null,
          1,
          1,
          1,
          30,
          30,
          29,
          30,
          30,
          null,
          1,
          9,
          null,
          1,
          2,
          null,
          null,
          1,
          1,
          null,
          null
        ]
      },
      "/Users/dev/Downloads/Training Tasks/Dinner Dash/DinnerDashTestProject/testproject-dinnerdash2/config/routes.rb": {
        "lines": [
          null,
          null,
          1,
          1,
          1,
          1,
          1,
          1,
          1,
          1,
          1,
          null,
          1,
          null,
          null,
          null
        ]
      },
      "/Users/dev/Downloads/Training Tasks/Dinner Dash/DinnerDashTestProject/testproject-dinnerdash2/app/models/user.rb": {
        "lines": [
          null,
          null,
          null,
          1,
          null,
          null,
          1,
          1,
          1,
          1,
          1,
          null,
          1,
          1,
          1,
          33,
          null,
          null
        ]
      },
      "/Users/dev/Downloads/Training Tasks/Dinner Dash/DinnerDashTestProject/testproject-dinnerdash2/app/models/application_record.rb": {
        "lines": [
          null,
          null,
          null,
          1,
          1,
          null
        ]
      },
      "/Users/dev/Downloads/Training Tasks/Dinner Dash/DinnerDashTestProject/testproject-dinnerdash2/app/helpers/application_helper.rb": {
        "lines": [
          null,
          null,
          null,
          1,
          null
        ]
      },
      "/Users/dev/Downloads/Training Tasks/Dinner Dash/DinnerDashTestProject/testproject-dinnerdash2/app/helpers/carts_helper.rb": {
        "lines": [
          null,
          null,
          null,
          1,
          null
        ]
      },
      "/Users/dev/Downloads/Training Tasks/Dinner Dash/DinnerDashTestProject/testproject-dinnerdash2/app/helpers/categories_helper.rb": {
        "lines": [
          null,
          null,
          null,
          1,
          null
        ]
      },
      "/Users/dev/Downloads/Training Tasks/Dinner Dash/DinnerDashTestProject/testproject-dinnerdash2/app/helpers/homes_helper.rb": {
        "lines": [
          null,
          null,
          null,
          null,
          null,
          1,
          null
        ]
      },
      "/Users/dev/Downloads/Training Tasks/Dinner Dash/DinnerDashTestProject/testproject-dinnerdash2/app/helpers/inline_items_helper.rb": {
        "lines": [
          null,
          null,
          null,
          1,
          null
        ]
      },
      "/Users/dev/Downloads/Training Tasks/Dinner Dash/DinnerDashTestProject/testproject-dinnerdash2/app/helpers/items_helper.rb": {
        "lines": [
          null,
          null,
          null,
          1,
          1,
          0,
          0,
          null,
          0,
          0,
          null,
          null,
          0,
          null,
          null
        ]
      },
      "/Users/dev/Downloads/Training Tasks/Dinner Dash/DinnerDashTestProject/testproject-dinnerdash2/app/helpers/orders_helper.rb": {
        "lines": [
          null,
          null,
          null,
          1,
          null
        ]
      },
      "/Users/dev/Downloads/Training Tasks/Dinner Dash/DinnerDashTestProject/testproject-dinnerdash2/app/helpers/search_helper.rb": {
        "lines": [
          null,
          null,
          null,
          1,
          null
        ]
      },
      "/Users/dev/Downloads/Training Tasks/Dinner Dash/DinnerDashTestProject/testproject-dinnerdash2/spec/support/factory_bot.rb": {
        "lines": [
          1,
          1,
          null
        ]
      },
      "/Users/dev/Downloads/Training Tasks/Dinner Dash/DinnerDashTestProject/testproject-dinnerdash2/app/models/category_item.rb": {
        "lines": [
          null,
          null,
          null,
          1,
          1,
          1,
          null
        ]
      },
      "/Users/dev/Downloads/Training Tasks/Dinner Dash/DinnerDashTestProject/testproject-dinnerdash2/spec/models/category_spec.rb": {
        "lines": [
          null,
          null,
          1,
          null,
          1,
          1,
          null,
          1,
          2,
          2,
          null,
          null,
          1,
          2,
          null,
          null,
          null
        ]
      },
      "/Users/dev/Downloads/Training Tasks/Dinner Dash/DinnerDashTestProject/testproject-dinnerdash2/app/models/category.rb": {
        "lines": [
          null,
          null,
          null,
          1,
          1,
          1,
          1,
          null
        ]
      },
      "/Users/dev/Downloads/Training Tasks/Dinner Dash/DinnerDashTestProject/testproject-dinnerdash2/spec/models/inline_item_spec.rb": {
        "lines": [
          null,
          null,
          1,
          null,
          1,
          6,
          2,
          null,
          1,
          2,
          2,
          null,
          null,
          1,
          2,
          2,
          2,
          2,
          null,
          null,
          1,
          1,
          1,
          1,
          null,
          1,
          1,
          1,
          null,
          1,
          1,
          1,
          null,
          1,
          1,
          1,
          null,
          1,
          1,
          1,
          null,
          null,
          null,
          1,
          1,
          1,
          null,
          null,
          null,
          null
        ]
      },
      "/Users/dev/Downloads/Training Tasks/Dinner Dash/DinnerDashTestProject/testproject-dinnerdash2/app/models/inline_item.rb": {
        "lines": [
          null,
          null,
          null,
          1,
          1,
          1,
          1,
          1,
          null
        ]
      },
      "/Users/dev/Downloads/Training Tasks/Dinner Dash/DinnerDashTestProject/testproject-dinnerdash2/spec/models/item_spec.rb": {
        "lines": [
          null,
          null,
          1,
          null,
          1,
          3,
          null,
          1,
          2,
          2,
          null,
          null,
          1,
          2,
          2,
          null,
          2,
          null,
          null,
          null,
          2,
          null,
          null,
          1,
          1,
          1,
          1,
          null,
          null,
          null,
          1,
          1,
          1,
          1,
          null,
          1,
          1,
          1,
          null,
          null,
          null
        ]
      },
      "/Users/dev/Downloads/Training Tasks/Dinner Dash/DinnerDashTestProject/testproject-dinnerdash2/app/models/item.rb": {
        "lines": [
          null,
          null,
          null,
          1,
          2,
          1,
          1,
          1,
          1,
          1,
          1,
          1,
          1,
          null,
          null,
          1,
          null,
          1,
          1,
          74,
          null,
          null,
          1,
          0,
          null,
          null,
          1,
          null,
          1,
          78,
          8,
          70,
          0,
          null,
          null,
          null,
          1,
          0,
          null,
          null
        ]
      },
      "/Users/dev/Downloads/Training Tasks/Dinner Dash/DinnerDashTestProject/testproject-dinnerdash2/spec/models/order_spec.rb": {
        "lines": [
          null,
          null,
          1,
          null,
          1,
          3,
          null,
          1,
          2,
          null,
          1,
          1,
          1,
          null,
          null,
          null,
          1,
          1,
          1,
          null,
          1,
          1,
          null,
          null,
          null
        ]
      },
      "/Users/dev/Downloads/Training Tasks/Dinner Dash/DinnerDashTestProject/testproject-dinnerdash2/app/models/order.rb": {
        "lines": [
          null,
          null,
          null,
          1,
          3,
          1,
          1,
          1,
          null,
          1,
          1,
          null,
          1,
          1,
          13,
          null,
          null
        ]
      },
      "/Users/dev/Downloads/Training Tasks/Dinner Dash/DinnerDashTestProject/testproject-dinnerdash2/spec/models/user_spec.rb": {
        "lines": [
          null,
          null,
          1,
          null,
          1,
          2,
          null,
          1,
          2,
          2,
          null,
          null,
          1,
          2,
          2,
          null,
          null,
          1,
          1,
          1,
          null,
          1,
          1,
          null,
          1,
          1,
          null,
          null,
          null,
          null
        ]
      },
      "/Users/dev/Downloads/Training Tasks/Dinner Dash/DinnerDashTestProject/testproject-dinnerdash2/spec/requests/inline_items_spec.rb": {
        "lines": [
          1,
          null,
          1,
          1,
          9,
          9,
          9,
          7,
          9,
          null,
          null,
          1,
          8,
          null,
          null,
          1,
          1,
          2,
          null,
          1,
          1,
          1,
          1,
          1,
          1,
          1,
          1,
          1,
          1,
          null,
          null,
          1,
          2,
          1,
          1,
          1,
          1,
          1,
          1,
          null,
          null,
          null,
          null,
          null,
          1,
          1,
          1,
          1,
          null,
          1,
          1,
          1,
          1,
          1,
          1,
          1,
          1,
          null,
          null,
          1,
          1,
          1,
          null,
          1,
          1,
          1,
          1,
          1,
          1,
          1,
          1,
          null,
          null,
          null,
          null,
          null,
          1,
          1,
          1,
          1,
          1,
          1,
          1,
          null,
          1,
          1,
          1,
          1,
          1,
          1,
          null,
          null,
          null,
          null,
          1,
          1,
          1,
          null,
          1,
          2,
          null,
          1,
          1,
          1,
          1,
          1,
          1,
          1,
          1,
          1,
          1,
          null,
          null,
          null,
          null,
          1,
          1,
          1,
          null,
          1,
          null,
          1,
          1,
          1,
          1,
          1,
          1,
          1,
          1,
          1,
          null,
          null,
          null,
          null,
          null
        ]
      },
      "/Users/dev/Downloads/Training Tasks/Dinner Dash/DinnerDashTestProject/testproject-dinnerdash2/app/controllers/inline_items_controller.rb": {
        "lines": [
          null,
          null,
          null,
          1,
          1,
          1,
          1,
          1,
          null,
          1,
          3,
          3,
          2,
          4,
          null,
          1,
          2,
          null,
          null,
          null,
          null,
          1,
          2,
          2,
          1,
          1,
          2,
          null,
          1,
          2,
          null,
          null,
          null,
          null,
          1,
          3,
          3,
          4,
          null,
          2,
          null,
          null,
          null,
          null,
          1,
          null,
          null,
          1,
          5,
          null,
          null,
          1,
          8,
          null,
          null,
          1,
          null,
          3,
          3,
          null,
          null,
          null,
          null,
          null,
          1,
          5,
          4,
          null,
          null,
          null,
          1,
          1,
          1,
          null,
          null,
          null,
          null,
          null,
          null,
          null,
          null,
          1,
          6,
          null,
          null,
          1,
          3,
          2,
          null,
          1,
          null,
          null,
          null
        ]
      },
      "/Users/dev/Downloads/Training Tasks/Dinner Dash/DinnerDashTestProject/testproject-dinnerdash2/app/controllers/application_controller.rb": {
        "lines": [
          null,
          null,
          null,
          1,
          1,
          1,
          1,
          1,
          1,
          1,
          15,
          null,
          null,
          1,
          null,
          1,
          0,
          0,
          null,
          null,
          1,
          0,
          0,
          null,
          null,
          1,
          null,
          1,
          0,
          0,
          null,
          null
        ]
      },
      "/Users/dev/Downloads/Training Tasks/Dinner Dash/DinnerDashTestProject/testproject-dinnerdash2/spec/requests/orders_spec.rb": {
        "lines": [
          1,
          null,
          1,
          1,
          null,
          null,
          8,
          8,
          null,
          8,
          8,
          8,
          null,
          null,
          null,
          null,
          1,
          7,
          null,
          null,
          1,
          1,
          1,
          null,
          null,
          1,
          1,
          1,
          1,
          1,
          1,
          1,
          1,
          1,
          1,
          1,
          null,
          null,
          null,
          null,
          1,
          1,
          1,
          1,
          1,
          1,
          1,
          1,
          null,
          null,
          null,
          1,
          1,
          1,
          1,
          1,
          1,
          1,
          null,
          null,
          null,
          null,
          1,
          1,
          1,
          null,
          1,
          1,
          1,
          1,
          1,
          1,
          1,
          1,
          null,
          null,
          null,
          null,
          1,
          1,
          1,
          1,
          1,
          1,
          null,
          null,
          null,
          null,
          null,
          1,
          1,
          1,
          1,
          null,
          1,
          1,
          1,
          1,
          1,
          1,
          null,
          null,
          1,
          1,
          1,
          null,
          1,
          1,
          1,
          1,
          null,
          null,
          null,
          null,
          null
        ]
      },
      "/Users/dev/Downloads/Training Tasks/Dinner Dash/DinnerDashTestProject/testproject-dinnerdash2/app/controllers/orders_controller.rb": {
        "lines": [
          null,
          null,
          null,
          1,
          null,
          1,
          1,
          null,
          1,
          3,
          3,
          3,
          3,
          3,
          3,
          null,
          null,
          null,
          1,
          null,
          1,
          null,
          null,
          2,
          2,
          2,
          1,
          1,
          null,
          1,
          1,
          null,
          null,
          null,
          null,
          1,
          1,
          null,
          null,
          1,
          null,
          1,
          1,
          1,
          1,
          1,
          null,
          null,
          null,
          null,
          null,
          null,
          1,
          1,
          null,
          null,
          null,
          null,
          1,
          null,
          1,
          null,
          null,
          null,
          1,
          3,
          1,
          null,
          2,
          null,
          null,
          null,
          null,
          1,
          2,
          null,
          null,
          null,
          1,
          2,
          null,
          null,
          1,
          1,
          null,
          null,
          1,
          1,
          null,
          null,
          1,
          null,
          2,
          null,
          null,
          1,
          3,
          3,
          null,
          null,
          null,
          null,
          null,
          null,
          null,
          null,
          null,
          null,
          null,
          null,
          null,
          null
        ]
      },
      "/Users/dev/Downloads/Training Tasks/Dinner Dash/DinnerDashTestProject/testproject-dinnerdash2/app/models/cart.rb": {
        "lines": [
          null,
          null,
          1,
          null
        ]
      },
      "/Users/dev/Downloads/Training Tasks/Dinner Dash/DinnerDashTestProject/testproject-dinnerdash2/app/policies/inline_item_policy.rb": {
        "lines": [
          null,
          null,
          null,
          1,
          1,
          2,
          null,
          null,
          1,
          2,
          null,
          null,
          1,
          2,
          null,
          null
        ]
      },
      "/Users/dev/Downloads/Training Tasks/Dinner Dash/DinnerDashTestProject/testproject-dinnerdash2/app/policies/application_policy.rb": {
        "lines": [
          null,
          null,
          null,
          1,
          1,
          null,
          1,
          6,
          6,
          null,
          null,
          1,
          6,
          null,
          null,
          1,
          0,
          null,
          null,
          1,
          0,
          null,
          null,
          1,
          0,
          null,
          null,
          1,
          0,
          null,
          null,
          1,
          0,
          null,
          null,
          1,
          0,
          null,
          null,
          1,
          0,
          null,
          null,
          1,
          0,
          null,
          null,
          null,
          1,
          1,
          0,
          0,
          null,
          null,
          1,
          0,
          null,
          null,
          1,
          null,
          1,
          null,
          null
        ]
      }
    },
    "timestamp": 1658836222
  }
}
